<?xml version="1.0" encoding="UTF-8"?>
<!-- Generated by org.testng.reporters.JUnitReportReporter -->
<testsuite hostname="DESKTOP-HR9B3S3" failures="0" tests="4" name="api.test.UserTests" time="2.584" errors="0" timestamp="2024-08-06T14:14:35 EDT" skipped="0">
  <testcase classname="api.test.UserTests" name="testPostUser" time="1.803"/>
  <testcase classname="api.test.UserTests" name="testGetUserByName" time="0.210"/>
  <testcase classname="api.test.UserTests" name="testUpdateUserByName" time="0.383"/>
  <testcase classname="api.test.UserTests" name="testDeleteUserByName" time="0.188"/>
</testsuite> <!-- api.test.UserTests -->
