<?xml version="1.0" encoding="UTF-8"?>
<!-- Generated by org.testng.reporters.JUnitReportReporter -->
<testsuite hostname="DESKTOP-HR9B3S3" failures="0" tests="4" name="api.test.UserTests2" time="2.677" errors="0" timestamp="2024-08-06T15:35:52 EDT" skipped="0">
  <testcase classname="api.test.UserTests2" name="testPostUser" time="1.871"/>
  <testcase classname="api.test.UserTests2" name="testGetUserByName" time="0.232"/>
  <testcase classname="api.test.UserTests2" name="testUpdateUserByName" time="0.391"/>
  <testcase classname="api.test.UserTests2" name="testDeleteUserByName" time="0.183"/>
</testsuite> <!-- api.test.UserTests2 -->
